<?xml version="1.0" encoding="UTF-8"?>
<testng-results skipped="0" failed="0" total="1" passed="1">
  <reporter-output>
  </reporter-output>
  <suite name="Default suite" duration-ms="2989" started-at="2018-04-21T17:50:30Z" finished-at="2018-04-21T17:50:33Z">
    <groups>
    </groups>
    <test name="Default test" duration-ms="2989" started-at="2018-04-21T17:50:30Z" finished-at="2018-04-21T17:50:33Z">
      <class name="com.java.programs.AllPrograms">
        <test-method status="PASS" signature="findPalindrome()[pri:0, instance:com.java.programs.AllPrograms@69d9c55]" name="findPalindrome" duration-ms="2941" started-at="2018-04-21T23:20:30Z" finished-at="2018-04-21T23:20:33Z">
          <reporter-output>
          </reporter-output>
        </test-method> <!-- findPalindrome -->
      </class> <!-- com.java.programs.AllPrograms -->
    </test> <!-- Default test -->
  </suite> <!-- Default suite -->
</testng-results>
